<?xml version="1.0" encoding="UTF-8"?>
<!-- Generated by org.testng.reporters.JUnitXMLReporter -->
<testsuite ignored="0" hostname="DESKTOP-R4CIO73" failures="3" tests="3" name="Test" time="32.462" errors="0" timestamp="2022-02-15T01:42:52 EET">
  <testcase classname="TestCases.Add_an_element_to_cart_pay_bank" name="Adding_an_element_to_cart_Edge" time="6.849">
    <failure type="org.openqa.selenium.WebDriverException" message="unknown error: cannot determine loading status
from disconnected: received Inspector.detached event
  (Session info: MicrosoftEdge=98.0.1108.50)
Build info: version: &amp;apos;3.141.59&amp;apos;, revision: &amp;apos;e82be7d358&amp;apos;, time: &amp;apos;2018-11-14T08:17:03&amp;apos;
System info: host: &amp;apos;DESKTOP-R4CIO73&amp;apos;, ip: &amp;apos;192.168.1.101&amp;apos;, os.name: &amp;apos;Windows 10&amp;apos;, os.arch: &amp;apos;amd64&amp;apos;, os.version: &amp;apos;10.0&amp;apos;, java.version: &amp;apos;17&amp;apos;
Driver info: org.openqa.selenium.edge.EdgeDriver
Capabilities {acceptInsecureCerts: false, browserName: msedge, browserVersion: 98.0.1108.50, javascriptEnabled: true, ms:edgeOptions: {debuggerAddress: localhost:54233}, msedge: {msedgedriverVersion: 98.0.1108.50 (4203d3deac4b8..., userDataDir: C:\Users\Dell\AppData\Local...}, networkConnectionEnabled: false, pageLoadStrategy: normal, platform: WINDOWS, platformName: WINDOWS, proxy: Proxy(), setWindowRect: true, strictFileInteractability: false, timeouts: {implicit: 0, pageLoad: 300000, script: 30000}, unhandledPromptBehavior: dismiss and notify, webauthn:extension:credBlob: true, webauthn:extension:largeBlob: true, webauthn:virtualAuthenticators: true}
Session ID: c3101711194390ff6a1698b85dca7740">
      <![CDATA[org.openqa.selenium.WebDriverException: unknown error: cannot determine loading status
from disconnected: received Inspector.detached event
  (Session info: MicrosoftEdge=98.0.1108.50)
Build info: version: '3.141.59', revision: 'e82be7d358', time: '2018-11-14T08:17:03'
System info: host: 'DESKTOP-R4CIO73', ip: '192.168.1.101', os.name: 'Windows 10', os.arch: 'amd64', os.version: '10.0', java.version: '17'
Driver info: org.openqa.selenium.edge.EdgeDriver
Capabilities {acceptInsecureCerts: false, browserName: msedge, browserVersion: 98.0.1108.50, javascriptEnabled: true, ms:edgeOptions: {debuggerAddress: localhost:54233}, msedge: {msedgedriverVersion: 98.0.1108.50 (4203d3deac4b8..., userDataDir: C:\Users\Dell\AppData\Local...}, networkConnectionEnabled: false, pageLoadStrategy: normal, platform: WINDOWS, platformName: WINDOWS, proxy: Proxy(), setWindowRect: true, strictFileInteractability: false, timeouts: {implicit: 0, pageLoad: 300000, script: 30000}, unhandledPromptBehavior: dismiss and notify, webauthn:extension:credBlob: true, webauthn:extension:largeBlob: true, webauthn:virtualAuthenticators: true}
Session ID: c3101711194390ff6a1698b85dca7740
at org.openqa.selenium.remote.http.W3CHttpResponseCodec.createException(W3CHttpResponseCodec.java:187)
at org.openqa.selenium.remote.http.W3CHttpResponseCodec.decode(W3CHttpResponseCodec.java:122)
at org.openqa.selenium.remote.http.W3CHttpResponseCodec.decode(W3CHttpResponseCodec.java:49)
at org.openqa.selenium.remote.HttpCommandExecutor.execute(HttpCommandExecutor.java:158)
at org.openqa.selenium.remote.service.DriverCommandExecutor.execute(DriverCommandExecutor.java:83)
at org.openqa.selenium.remote.RemoteWebDriver.execute(RemoteWebDriver.java:552)
at org.openqa.selenium.remote.RemoteWebDriver.get(RemoteWebDriver.java:277)
at org.openqa.selenium.remote.RemoteWebDriver$RemoteNavigation.to(RemoteWebDriver.java:857)
at TestCases.Add_an_element_to_cart_pay_bank.Adding_an_element_to_cart_Edge(Add_an_element_to_cart_pay_bank.java:37)
at java.base/java.util.ArrayList.forEach(ArrayList.java:1511)
... Removed 32 stack frames]]>
    </failure>
  </testcase> <!-- Adding_an_element_to_cart_Edge -->
  <testcase classname="TestCases.Add_an_element_to_cart_pay_bank" name="Adding_an_element_to_cart_chrome" time="6.395">
    <failure type="org.openqa.selenium.SessionNotCreatedException" message="session not created
from disconnected: received Inspector.detached event
  (Session info: chrome=98.0.4758.82)
Build info: version: &amp;apos;3.141.59&amp;apos;, revision: &amp;apos;e82be7d358&amp;apos;, time: &amp;apos;2018-11-14T08:17:03&amp;apos;
System info: host: &amp;apos;DESKTOP-R4CIO73&amp;apos;, ip: &amp;apos;192.168.1.101&amp;apos;, os.name: &amp;apos;Windows 10&amp;apos;, os.arch: &amp;apos;amd64&amp;apos;, os.version: &amp;apos;10.0&amp;apos;, java.version: &amp;apos;17&amp;apos;
Driver info: driver.version: ChromeDriver
remote stacktrace: Backtrace:
	Ordinal0 [0x00BD7AC3+2587331]
	Ordinal0 [0x00B6ADD1+2141649]
	Ordinal0 [0x00A63BB8+1063864]
	Ordinal0 [0x00A565A0+1009056]
	Ordinal0 [0x00A56173+1007987]
	Ordinal0 [0x00A55780+1005440]
	Ordinal0 [0x00A548B7+1001655]
	Ordinal0 [0x00A54B76+1002358]
	Ordinal0 [0x00A54455+1000533]
	Ordinal0 [0x00A5FAA3+1047203]
	Ordinal0 [0x00A54405+1000453]
	Ordinal0 [0x00A55388+1004424]
	Ordinal0 [0x00A548B7+1001655]
	Ordinal0 [0x00A54B76+1002358]
	Ordinal0 [0x00A54455+1000533]
	Ordinal0 [0x00A5D7E3+1038307]
	Ordinal0 [0x00A54405+1000453]
	Ordinal0 [0x00A55388+1004424]
	Ordinal0 [0x00A548B7+1001655]
	Ordinal0 [0x00A54B76+1002358]
	Ordinal0 [0x00A54455+1000533]
	Ordinal0 [0x00A5B549+1029449]
	Ordinal0 [0x00A54405+1000453]
	Ordinal0 [0x00A55388+1004424]
	Ordinal0 [0x00A548B7+1001655]
	Ordinal0 [0x00A54C87+1002631]
	Ordinal0 [0x00A54C38+1002552]
	Ordinal0 [0x00A5A6F6+1025782]
	Ordinal0 [0x00A54405+1000453]
	Ordinal0 [0x00A55388+1004424]
	Ordinal0 [0x00A548B7+1001655]
	Ordinal0 [0x00A54B76+1002358]
	Ordinal0 [0x00A54455+1000533]
	Ordinal0 [0x00A4FE1D+982557]
	Ordinal0 [0x00A54405+1000453]
	Ordinal0 [0x00A54190+999824]
	Ordinal0 [0x00A53ED9+999129]
	Ordinal0 [0x00A64EF0+1068784]
	Ordinal0 [0x00AAE16C+1368428]
	Ordinal0 [0x00AACD5A+1363290]
	Ordinal0 [0x00AA84A6+1344678]
	Ordinal0 [0x00A853F6+1201142]
	Ordinal0 [0x00A862E6+1204966]
	GetHandleVerifier [0x00D7DF22+1680738]
	GetHandleVerifier [0x00E30DBC+2413564]
	GetHandleVerifier [0x00C6D151+563089]
	GetHandleVerifier [0x00C6BF13+558419]
	Ordinal0 [0x00B7081E+2164766]
	Ordinal0 [0x00B75508+2184456]
	Ordinal0 [0x00B75650+2184784]
	Ordinal0 [0x00B7F5BC+2225596]
	BaseThreadInitThunk [0x756EFA29+25]
	RtlGetAppContainerNamedObjectPath [0x77067A9E+286]
	RtlGetAppContainerNamedObjectPath [0x77067A6E+238]
">
      <![CDATA[org.openqa.selenium.SessionNotCreatedException: session not created
from disconnected: received Inspector.detached event
  (Session info: chrome=98.0.4758.82)
Build info: version: '3.141.59', revision: 'e82be7d358', time: '2018-11-14T08:17:03'
System info: host: 'DESKTOP-R4CIO73', ip: '192.168.1.101', os.name: 'Windows 10', os.arch: 'amd64', os.version: '10.0', java.version: '17'
Driver info: driver.version: ChromeDriver
remote stacktrace: Backtrace:
Ordinal0 [0x00BD7AC3+2587331]
Ordinal0 [0x00B6ADD1+2141649]
Ordinal0 [0x00A63BB8+1063864]
Ordinal0 [0x00A565A0+1009056]
Ordinal0 [0x00A56173+1007987]
Ordinal0 [0x00A55780+1005440]
Ordinal0 [0x00A548B7+1001655]
Ordinal0 [0x00A54B76+1002358]
Ordinal0 [0x00A54455+1000533]
Ordinal0 [0x00A5FAA3+1047203]
Ordinal0 [0x00A54405+1000453]
Ordinal0 [0x00A55388+1004424]
Ordinal0 [0x00A548B7+1001655]
Ordinal0 [0x00A54B76+1002358]
Ordinal0 [0x00A54455+1000533]
Ordinal0 [0x00A5D7E3+1038307]
Ordinal0 [0x00A54405+1000453]
Ordinal0 [0x00A55388+1004424]
Ordinal0 [0x00A548B7+1001655]
Ordinal0 [0x00A54B76+1002358]
Ordinal0 [0x00A54455+1000533]
Ordinal0 [0x00A5B549+1029449]
Ordinal0 [0x00A54405+1000453]
Ordinal0 [0x00A55388+1004424]
Ordinal0 [0x00A548B7+1001655]
Ordinal0 [0x00A54C87+1002631]
Ordinal0 [0x00A54C38+1002552]
Ordinal0 [0x00A5A6F6+1025782]
Ordinal0 [0x00A54405+1000453]
Ordinal0 [0x00A55388+1004424]
Ordinal0 [0x00A548B7+1001655]
Ordinal0 [0x00A54B76+1002358]
Ordinal0 [0x00A54455+1000533]
Ordinal0 [0x00A4FE1D+982557]
Ordinal0 [0x00A54405+1000453]
Ordinal0 [0x00A54190+999824]
Ordinal0 [0x00A53ED9+999129]
Ordinal0 [0x00A64EF0+1068784]
Ordinal0 [0x00AAE16C+1368428]
Ordinal0 [0x00AACD5A+1363290]
Ordinal0 [0x00AA84A6+1344678]
Ordinal0 [0x00A853F6+1201142]
Ordinal0 [0x00A862E6+1204966]
GetHandleVerifier [0x00D7DF22+1680738]
GetHandleVerifier [0x00E30DBC+2413564]
GetHandleVerifier [0x00C6D151+563089]
GetHandleVerifier [0x00C6BF13+558419]
Ordinal0 [0x00B7081E+2164766]
Ordinal0 [0x00B75508+2184456]
Ordinal0 [0x00B75650+2184784]
Ordinal0 [0x00B7F5BC+2225596]
BaseThreadInitThunk [0x756EFA29+25]
RtlGetAppContainerNamedObjectPath [0x77067A9E+286]
RtlGetAppContainerNamedObjectPath [0x77067A6E+238]

at org.openqa.selenium.remote.W3CHandshakeResponse.lambda$errorHandler$0(W3CHandshakeResponse.java:62)
at org.openqa.selenium.remote.HandshakeResponse.lambda$getResponseFunction$0(HandshakeResponse.java:30)
at org.openqa.selenium.remote.ProtocolHandshake.lambda$createSession$0(ProtocolHandshake.java:126)
at java.base/java.util.stream.ReferencePipeline$3$1.accept(ReferencePipeline.java:197)
at java.base/java.util.Spliterators$ArraySpliterator.tryAdvance(Spliterators.java:1002)
at java.base/java.util.stream.ReferencePipeline.forEachWithCancel(ReferencePipeline.java:129)
at java.base/java.util.stream.AbstractPipeline.copyIntoWithCancel(AbstractPipeline.java:527)
at java.base/java.util.stream.AbstractPipeline.copyInto(AbstractPipeline.java:513)
at java.base/java.util.stream.AbstractPipeline.wrapAndCopyInto(AbstractPipeline.java:499)
at java.base/java.util.stream.FindOps$FindOp.evaluateSequential(FindOps.java:150)
at java.base/java.util.stream.AbstractPipeline.evaluate(AbstractPipeline.java:234)
at java.base/java.util.stream.ReferencePipeline.findFirst(ReferencePipeline.java:647)
at org.openqa.selenium.remote.ProtocolHandshake.createSession(ProtocolHandshake.java:128)
at org.openqa.selenium.remote.ProtocolHandshake.createSession(ProtocolHandshake.java:74)
at org.openqa.selenium.remote.HttpCommandExecutor.execute(HttpCommandExecutor.java:136)
at org.openqa.selenium.remote.service.DriverCommandExecutor.execute(DriverCommandExecutor.java:83)
at org.openqa.selenium.remote.RemoteWebDriver.execute(RemoteWebDriver.java:552)
at org.openqa.selenium.remote.RemoteWebDriver.startSession(RemoteWebDriver.java:213)
at org.openqa.selenium.remote.RemoteWebDriver.<init>(RemoteWebDriver.java:131)
at org.openqa.selenium.chrome.ChromeDriver.<init>(ChromeDriver.java:181)
at org.openqa.selenium.chrome.ChromeDriver.<init>(ChromeDriver.java:168)
at org.openqa.selenium.chrome.ChromeDriver.<init>(ChromeDriver.java:123)
at TestCases.Add_an_element_to_cart_pay_bank.Adding_an_element_to_cart_chrome(Add_an_element_to_cart_pay_bank.java:113)
at java.base/java.util.ArrayList.forEach(ArrayList.java:1511)
... Removed 32 stack frames]]>
    </failure>
  </testcase> <!-- Adding_an_element_to_cart_chrome -->
  <testcase classname="TestCases.Add_an_element_to_cart_pay_bank" name="Adding_an_element_to_cart_firefox" time="17.276">
    <failure type="org.openqa.selenium.WebDriverException" message="Process unexpectedly closed with status 0
Build info: version: &amp;apos;3.141.59&amp;apos;, revision: &amp;apos;e82be7d358&amp;apos;, time: &amp;apos;2018-11-14T08:17:03&amp;apos;
System info: host: &amp;apos;DESKTOP-R4CIO73&amp;apos;, ip: &amp;apos;192.168.1.101&amp;apos;, os.name: &amp;apos;Windows 10&amp;apos;, os.arch: &amp;apos;amd64&amp;apos;, os.version: &amp;apos;10.0&amp;apos;, java.version: &amp;apos;17&amp;apos;
Driver info: driver.version: FirefoxDriver
remote stacktrace: ">
      <![CDATA[org.openqa.selenium.WebDriverException: Process unexpectedly closed with status 0
Build info: version: '3.141.59', revision: 'e82be7d358', time: '2018-11-14T08:17:03'
System info: host: 'DESKTOP-R4CIO73', ip: '192.168.1.101', os.name: 'Windows 10', os.arch: 'amd64', os.version: '10.0', java.version: '17'
Driver info: driver.version: FirefoxDriver
remote stacktrace: 
at org.openqa.selenium.remote.W3CHandshakeResponse.lambda$errorHandler$0(W3CHandshakeResponse.java:62)
at org.openqa.selenium.remote.HandshakeResponse.lambda$getResponseFunction$0(HandshakeResponse.java:30)
at org.openqa.selenium.remote.ProtocolHandshake.lambda$createSession$0(ProtocolHandshake.java:126)
at java.base/java.util.stream.ReferencePipeline$3$1.accept(ReferencePipeline.java:197)
at java.base/java.util.Spliterators$ArraySpliterator.tryAdvance(Spliterators.java:1002)
at java.base/java.util.stream.ReferencePipeline.forEachWithCancel(ReferencePipeline.java:129)
at java.base/java.util.stream.AbstractPipeline.copyIntoWithCancel(AbstractPipeline.java:527)
at java.base/java.util.stream.AbstractPipeline.copyInto(AbstractPipeline.java:513)
at java.base/java.util.stream.AbstractPipeline.wrapAndCopyInto(AbstractPipeline.java:499)
at java.base/java.util.stream.FindOps$FindOp.evaluateSequential(FindOps.java:150)
at java.base/java.util.stream.AbstractPipeline.evaluate(AbstractPipeline.java:234)
at java.base/java.util.stream.ReferencePipeline.findFirst(ReferencePipeline.java:647)
at org.openqa.selenium.remote.ProtocolHandshake.createSession(ProtocolHandshake.java:128)
at org.openqa.selenium.remote.ProtocolHandshake.createSession(ProtocolHandshake.java:74)
at org.openqa.selenium.remote.HttpCommandExecutor.execute(HttpCommandExecutor.java:136)
at org.openqa.selenium.remote.service.DriverCommandExecutor.execute(DriverCommandExecutor.java:83)
at org.openqa.selenium.remote.RemoteWebDriver.execute(RemoteWebDriver.java:552)
at org.openqa.selenium.remote.RemoteWebDriver.startSession(RemoteWebDriver.java:213)
at org.openqa.selenium.remote.RemoteWebDriver.<init>(RemoteWebDriver.java:131)
at org.openqa.selenium.firefox.FirefoxDriver.<init>(FirefoxDriver.java:147)
at org.openqa.selenium.firefox.FirefoxDriver.<init>(FirefoxDriver.java:125)
at TestCases.Add_an_element_to_cart_pay_bank.Adding_an_element_to_cart_firefox(Add_an_element_to_cart_pay_bank.java:74)
at java.base/java.util.ArrayList.forEach(ArrayList.java:1511)
... Removed 32 stack frames]]>
    </failure>
  </testcase> <!-- Adding_an_element_to_cart_firefox -->
</testsuite> <!-- Test -->
